<?xml version="1.0" encoding="UTF-8"?>
<coverage generated="1733389707954" clover="3.2.0">
  <project timestamp="1733389707954" name="All files">
    <metrics statements="5" coveredstatements="5" conditionals="11" coveredconditionals="11" methods="1" coveredmethods="1" elements="17" coveredelements="17" complexity="0" loc="5" ncloc="5" packages="1" files="2" classes="2"/>
    <file name="button.tsx" path="/Users/xivy/Documents/GitHub/KeyUI-React_component_library/src/Button/button.tsx">
      <metrics statements="5" coveredstatements="5" conditionals="11" coveredconditionals="11" methods="1" coveredmethods="1"/>
      <line num="21" count="1" type="stmt"/>
      <line num="34" count="11" type="stmt"/>
      <line num="41" count="11" type="cond" truecount="4" falsecount="0"/>
      <line num="42" count="2" type="stmt"/>
      <line num="49" count="9" type="stmt"/>
    </file>
    <file name="index.ts" path="/Users/xivy/Documents/GitHub/KeyUI-React_component_library/src/Button/index.ts">
      <metrics statements="0" coveredstatements="0" conditionals="0" coveredconditionals="0" methods="0" coveredmethods="0"/>
    </file>
  </project>
</coverage>
