{"/Users/xivy/Documents/GitHub/KeyUI-React_component_library/src/Button/button.tsx": {"path":"/Users/xivy/Documents/GitHub/KeyUI-React_component_library/src/Button/button.tsx","statementMap":{"0":{"start":{"line":21,"column":38},"end":{"line":54,"column":1}},"1":{"start":{"line":34,"column":18},"end":{"line":39,"column":4}},"2":{"start":{"line":41,"column":2},"end":{"line":47,"column":3}},"3":{"start":{"line":42,"column":4},"end":{"line":46,"column":6}},"4":{"start":{"line":49,"column":2},"end":{"line":53,"column":4}}},"fnMap":{"0":{"name":"(anonymous_0)","decl":{"start":{"line":21,"column":38},"end":{"line":21,"column":39}},"loc":{"start":{"line":32,"column":6},"end":{"line":54,"column":1}},"line":32}},"branchMap":{"0":{"loc":{"start":{"line":22,"column":2},"end":{"line":22,"column":18}},"type":"default-arg","locations":[{"start":{"line":22,"column":9},"end":{"line":22,"column":18}}],"line":22},"1":{"loc":{"start":{"line":23,"column":2},"end":{"line":23,"column":17}},"type":"default-arg","locations":[{"start":{"line":23,"column":9},"end":{"line":23,"column":17}}],"line":23},"2":{"loc":{"start":{"line":24,"column":2},"end":{"line":24,"column":18}},"type":"default-arg","locations":[{"start":{"line":24,"column":13},"end":{"line":24,"column":18}}],"line":24},"3":{"loc":{"start":{"line":37,"column":14},"end":{"line":37,"column":41}},"type":"binary-expr","locations":[{"start":{"line":37,"column":14},"end":{"line":37,"column":29}},{"start":{"line":37,"column":33},"end":{"line":37,"column":41}}],"line":37},"4":{"loc":{"start":{"line":38,"column":12},"end":{"line":38,"column":37}},"type":"binary-expr","locations":[{"start":{"line":38,"column":12},"end":{"line":38,"column":27}},{"start":{"line":38,"column":31},"end":{"line":38,"column":37}}],"line":38},"5":{"loc":{"start":{"line":41,"column":2},"end":{"line":47,"column":3}},"type":"if","locations":[{"start":{"line":41,"column":2},"end":{"line":47,"column":3}},{"start":{},"end":{}}],"line":41},"6":{"loc":{"start":{"line":41,"column":6},"end":{"line":41,"column":29}},"type":"binary-expr","locations":[{"start":{"line":41,"column":6},"end":{"line":41,"column":21}},{"start":{"line":41,"column":25},"end":{"line":41,"column":29}}],"line":41}},"s":{"0":1,"1":11,"2":11,"3":2,"4":9},"f":{"0":11},"b":{"0":[9],"1":[10],"2":[9],"3":[11,2],"4":[11,9],"5":[2,9],"6":[11,2]},"_coverageSchema":"1a1c01bbd47fc00a2c39e90264f33305004495a9","hash":"100cf0d09e3eb21435e16d9607036d54d935218d"}
,"/Users/xivy/Documents/GitHub/KeyUI-React_component_library/src/Button/index.ts": {"path":"/Users/xivy/Documents/GitHub/KeyUI-React_component_library/src/Button/index.ts","statementMap":{},"fnMap":{},"branchMap":{},"s":{},"f":{},"b":{},"_coverageSchema":"1a1c01bbd47fc00a2c39e90264f33305004495a9","hash":"bbf36d255e91f7157cef4fde402b5a75fdda87ae"}
}
